{
  "0 info pnpm": {
    "message": "Using hooks from: /Users/louisfitdevoie/Documents/Ecole/2021-2022/Stage/resource_manager/.pnpmfile.cjs",
    "prefix": "/Users/louisfitdevoie/Documents/Ecole/2021-2022/Stage/resource_manager"
  },
  "1 info pnpm": {
    "message": "readPackage hook is declared. Manifests of dependencies might get overridden",
    "prefix": "/Users/louisfitdevoie/Documents/Ecole/2021-2022/Stage/resource_manager"
  },
  "2 debug pnpm:scope": {
    "selected": 1,
    "workspacePrefix": "/Users/louisfitdevoie/Documents/Ecole/2021-2022/Stage/resource_manager"
  },
  "3 info pnpm": {
    "err": {
      "name": "Error",
      "message": "not found: lint:fix",
      "code": "ENOENT",
      "stack": "Error: not found: lint:fix\n    at getNotFoundError (/Users/louisfitdevoie/pnpm-global/5/node_modules/.pnpm/pnpm@6.31.0/node_modules/pnpm/dist/pnpm.cjs:41555:51)\n    at Function.whichSync [as sync] (/Users/louisfitdevoie/pnpm-global/5/node_modules/.pnpm/pnpm@6.31.0/node_modules/pnpm/dist/pnpm.cjs:41632:13)\n    at getCommandAbsolutePathSync (/Users/louisfitdevoie/pnpm-global/5/node_modules/.pnpm/pnpm@6.31.0/node_modules/pnpm/dist/pnpm.cjs:43197:44)\n    at default_1 (/Users/louisfitdevoie/pnpm-global/5/node_modules/.pnpm/pnpm@6.31.0/node_modules/pnpm/dist/pnpm.cjs:43206:32)\n    at /Users/louisfitdevoie/pnpm-global/5/node_modules/.pnpm/pnpm@6.31.0/node_modules/pnpm/dist/pnpm.cjs:178093:39"
    }
  },
  "4 error pnpm": {
    "code": "ERR_PNPM_RECURSIVE_EXEC_FIRST_FAIL",
    "prefix": "/Users/louisfitdevoie/Documents/Ecole/2021-2022/Stage/resource_manager",
    "err": {
      "name": "pnpm",
      "message": "not found: lint:fix",
      "code": "ERR_PNPM_RECURSIVE_EXEC_FIRST_FAIL",
      "stack": "Error: not found: lint:fix\n    at getNotFoundError (/Users/louisfitdevoie/pnpm-global/5/node_modules/.pnpm/pnpm@6.31.0/node_modules/pnpm/dist/pnpm.cjs:41555:51)\n    at Function.whichSync [as sync] (/Users/louisfitdevoie/pnpm-global/5/node_modules/.pnpm/pnpm@6.31.0/node_modules/pnpm/dist/pnpm.cjs:41632:13)\n    at getCommandAbsolutePathSync (/Users/louisfitdevoie/pnpm-global/5/node_modules/.pnpm/pnpm@6.31.0/node_modules/pnpm/dist/pnpm.cjs:43197:44)\n    at default_1 (/Users/louisfitdevoie/pnpm-global/5/node_modules/.pnpm/pnpm@6.31.0/node_modules/pnpm/dist/pnpm.cjs:43206:32)\n    at /Users/louisfitdevoie/pnpm-global/5/node_modules/.pnpm/pnpm@6.31.0/node_modules/pnpm/dist/pnpm.cjs:178093:39"
    }
  }
}